c:\users\nathan\documents\visual studio 2013\projects\computergraphics02\computergraphics02\debug\vc120.pdb
c:\users\nathan\documents\visual studio 2013\projects\computergraphics02\computergraphics02\debug\vc120.idb
c:\users\nathan\documents\visual studio 2013\projects\computergraphics02\computergraphics02\debug\application.obj
c:\users\nathan\documents\visual studio 2013\projects\computergraphics02\computergraphics02\debug\assignment1.obj
c:\users\nathan\documents\visual studio 2013\projects\computergraphics02\computergraphics02\debug\assignment2.obj
c:\users\nathan\documents\visual studio 2013\projects\computergraphics02\computergraphics02\debug\camera.obj
c:\users\nathan\documents\visual studio 2013\projects\computergraphics02\computergraphics02\debug\camera2.obj
c:\users\nathan\documents\visual studio 2013\projects\computergraphics02\computergraphics02\debug\main.obj
c:\users\nathan\documents\visual studio 2013\projects\computergraphics02\computergraphics02\debug\mesh.obj
c:\users\nathan\documents\visual studio 2013\projects\computergraphics02\computergraphics02\debug\meshbuilder.obj
c:\users\nathan\documents\visual studio 2013\projects\computergraphics02\computergraphics02\debug\scene1.obj
c:\users\nathan\documents\visual studio 2013\projects\computergraphics02\computergraphics02\debug\scene2.obj
c:\users\nathan\documents\visual studio 2013\projects\computergraphics02\computergraphics02\debug\scene3.obj
c:\users\nathan\documents\visual studio 2013\projects\computergraphics02\computergraphics02\debug\scene4.obj
c:\users\nathan\documents\visual studio 2013\projects\computergraphics02\computergraphics02\debug\scenelight.obj
c:\users\nathan\documents\visual studio 2013\projects\computergraphics02\computergraphics02\debug\scenelight2.obj
c:\users\nathan\documents\visual studio 2013\projects\computergraphics02\computergraphics02\debug\shader.obj
c:\users\nathan\documents\visual studio 2013\projects\computergraphics02\computergraphics02\debug\utility.obj
c:\users\nathan\documents\visual studio 2013\projects\computergraphics02\debug\mygraphics.ilk
c:\users\nathan\documents\visual studio 2013\projects\computergraphics02\debug\mygraphics.exe
c:\users\nathan\documents\visual studio 2013\projects\computergraphics02\debug\mygraphics.pdb
c:\users\nathan\documents\visual studio 2013\projects\computergraphics02\computergraphics02\debug\mygraphics.tlog\cl.command.1.tlog
c:\users\nathan\documents\visual studio 2013\projects\computergraphics02\computergraphics02\debug\mygraphics.tlog\cl.read.1.tlog
c:\users\nathan\documents\visual studio 2013\projects\computergraphics02\computergraphics02\debug\mygraphics.tlog\cl.write.1.tlog
c:\users\nathan\documents\visual studio 2013\projects\computergraphics02\computergraphics02\debug\mygraphics.tlog\link.command.1.tlog
c:\users\nathan\documents\visual studio 2013\projects\computergraphics02\computergraphics02\debug\mygraphics.tlog\link.read.1.tlog
c:\users\nathan\documents\visual studio 2013\projects\computergraphics02\computergraphics02\debug\mygraphics.tlog\link.write.1.tlog
